<?xml version="1.0" encoding="UTF-8"?>
<!-- Generated by org.testng.reporters.JUnitReportReporter -->
<testsuite hostname="TL0020" failures="0" tests="1" name="tests.StockInfoTest" time="8.893" errors="0" timestamp="2025-05-14T17:54:08 IST" skipped="0">
  <testcase classname="tests.StockInfoTest" name="testStockInformation" time="8.893"/>
  <system-out/>
</testsuite> <!-- tests.StockInfoTest -->
